<?xml version="1.0" encoding="UTF-8"?>
<!-- Generated by org.testng.reporters.JUnitXMLReporter -->
<testsuite hostname="admin-PC" ignored="0" name="EdgeTest" tests="1" failures="1" timestamp="19 Aug 2021 16:34:13 GMT" time="4.219" errors="0">
  <testcase name="tc" time="4.189" classname="org.testngnew.CrossBrowserTestng">
    <failure type="org.openqa.selenium.WebDriverException" message="unknown error: cannot find MSEdge binary
Build info: version: &amp;apos;3.141.59&amp;apos;, revision: &amp;apos;e82be7d358&amp;apos;, time: &amp;apos;2018-11-14T08:17:03&amp;apos;
System info: host: &amp;apos;ADMIN-PC&amp;apos;, ip: &amp;apos;192.168.0.101&amp;apos;, os.name: &amp;apos;Windows 7&amp;apos;, os.arch: &amp;apos;amd64&amp;apos;, os.version: &amp;apos;6.1&amp;apos;, java.version: &amp;apos;1.8.0_291&amp;apos;
Driver info: driver.version: EdgeDriver
remote stacktrace: Backtrace:
	Ordinal0 [0x000000013FC0DD32+4840754]
	Ordinal0 [0x000000013F88E8D3+1173715]
	Ordinal0 [0x000000013F8B07F0+1312752]
	Ordinal0 [0x000000013F8AD6A3+1300131]
	Ordinal0 [0x000000013F8E7F6F+1539951]
	Ordinal0 [0x000000013F8E329F+1520287]
	Ordinal0 [0x000000013F8B95DA+1349082]
	Ordinal0 [0x000000013F8BA63F+1353279]
	Ordinal0 [0x000000013F94BBDD+1948637]
	Ordinal0 [0x000000013F9203FB+1770491]
	Ordinal0 [0x000000013FB02669+3745385]
	Ordinal0 [0x000000013F921C82+1776770]
	Ordinal0 [0x000000013FC10748+4851528]
	Ordinal0 [0x000000013FC101B4+4850100]
	Ordinal0 [0x000000013FC10006+4849670]
	Ordinal0 [0x000000013FBC89FC+4557308]
	BaseThreadInitThunk [0x0000000076B0F56D+13]
	RtlUserThreadStart [0x0000000076D43281+33]
">
      <![CDATA[org.openqa.selenium.WebDriverException: unknown error: cannot find MSEdge binary
Build info: version: '3.141.59', revision: 'e82be7d358', time: '2018-11-14T08:17:03'
System info: host: 'ADMIN-PC', ip: '192.168.0.101', os.name: 'Windows 7', os.arch: 'amd64', os.version: '6.1', java.version: '1.8.0_291'
Driver info: driver.version: EdgeDriver
remote stacktrace: Backtrace:
Ordinal0 [0x000000013FC0DD32+4840754]
Ordinal0 [0x000000013F88E8D3+1173715]
Ordinal0 [0x000000013F8B07F0+1312752]
Ordinal0 [0x000000013F8AD6A3+1300131]
Ordinal0 [0x000000013F8E7F6F+1539951]
Ordinal0 [0x000000013F8E329F+1520287]
Ordinal0 [0x000000013F8B95DA+1349082]
Ordinal0 [0x000000013F8BA63F+1353279]
Ordinal0 [0x000000013F94BBDD+1948637]
Ordinal0 [0x000000013F9203FB+1770491]
Ordinal0 [0x000000013FB02669+3745385]
Ordinal0 [0x000000013F921C82+1776770]
Ordinal0 [0x000000013FC10748+4851528]
Ordinal0 [0x000000013FC101B4+4850100]
Ordinal0 [0x000000013FC10006+4849670]
Ordinal0 [0x000000013FBC89FC+4557308]
BaseThreadInitThunk [0x0000000076B0F56D+13]
RtlUserThreadStart [0x0000000076D43281+33]

at org.openqa.selenium.remote.W3CHandshakeResponse.lambda$errorHandler$0(W3CHandshakeResponse.java:62)
at org.openqa.selenium.remote.HandshakeResponse.lambda$getResponseFunction$0(HandshakeResponse.java:30)
at org.openqa.selenium.remote.ProtocolHandshake.lambda$createSession$0(ProtocolHandshake.java:126)
at java.util.stream.ReferencePipeline$3$1.accept(Unknown Source)
at java.util.Spliterators$ArraySpliterator.tryAdvance(Unknown Source)
at java.util.stream.ReferencePipeline.forEachWithCancel(Unknown Source)
at java.util.stream.AbstractPipeline.copyIntoWithCancel(Unknown Source)
at java.util.stream.AbstractPipeline.copyInto(Unknown Source)
at java.util.stream.AbstractPipeline.wrapAndCopyInto(Unknown Source)
at java.util.stream.FindOps$FindOp.evaluateSequential(Unknown Source)
at java.util.stream.AbstractPipeline.evaluate(Unknown Source)
at java.util.stream.ReferencePipeline.findFirst(Unknown Source)
at org.openqa.selenium.remote.ProtocolHandshake.createSession(ProtocolHandshake.java:128)
at org.openqa.selenium.remote.ProtocolHandshake.createSession(ProtocolHandshake.java:74)
at org.openqa.selenium.remote.HttpCommandExecutor.execute(HttpCommandExecutor.java:136)
at org.openqa.selenium.remote.service.DriverCommandExecutor.execute(DriverCommandExecutor.java:83)
at org.openqa.selenium.remote.RemoteWebDriver.execute(RemoteWebDriver.java:552)
at org.openqa.selenium.remote.RemoteWebDriver.startSession(RemoteWebDriver.java:213)
at org.openqa.selenium.remote.RemoteWebDriver.<init>(RemoteWebDriver.java:131)
at org.openqa.selenium.edge.EdgeDriver.<init>(EdgeDriver.java:141)
at org.openqa.selenium.edge.EdgeDriver.<init>(EdgeDriver.java:96)
at org.base.BaseClass.edgeBrowser(BaseClass.java:66)
at java.util.concurrent.FutureTask.run(Unknown Source)
at java.util.concurrent.ThreadPoolExecutor.runWorker(Unknown Source)
at java.util.concurrent.ThreadPoolExecutor$Worker.run(Unknown Source)
at java.lang.Thread.run(Unknown Source)
... Removed 21 stack frames]]>
    </failure>
  </testcase> <!-- tc -->
</testsuite> <!-- EdgeTest -->
