<?xml version="1.0" encoding="UTF-8"?>
<!-- Generated by org.testng.reporters.JUnitReportReporter -->
<testsuite skipped="0" hostname="admin-PC" name="org.testngnew.CrossBrowserTestng" tests="3" failures="0" timestamp="19 Aug 2021 16:34:44 GMT" time="67.770" errors="1">
  <testcase name="tc" time="34.590" classname="org.testngnew.CrossBrowserTestng"/>
  <testcase name="tc" time="4.189" classname="org.testngnew.CrossBrowserTestng">
    <error type="org.openqa.selenium.WebDriverException" message="unknown error: cannot find MSEdge binary
Build info: version: &#039;3.141.59&#039;, revision: &#039;e82be7d358&#039;, time: &#039;2018-11-14T08:17:03&#039;
System info: host: &#039;ADMIN-PC&#039;, ip: &#039;192.168.0.101&#039;, os.name: &#039;Windows 7&#039;, os.arch: &#039;amd64&#039;, os.version: &#039;6.1&#039;, java.version: &#039;1.8.0_291&#039;
Driver info: driver.version: EdgeDriver
remote stacktrace: Backtrace:
	Ordinal0 [0x000000013FC0DD32+4840754]
	Ordinal0 [0x000000013F88E8D3+1173715]
	Ordinal0 [0x000000013F8B07F0+1312752]
	Ordinal0 [0x000000013F8AD6A3+1300131]
	Ordinal0 [0x000000013F8E7F6F+1539951]
	Ordinal0 [0x000000013F8E329F+1520287]
	Ordinal0 [0x000000013F8B95DA+1349082]
	Ordinal0 [0x000000013F8BA63F+1353279]
	Ordinal0 [0x000000013F94BBDD+1948637]
	Ordinal0 [0x000000013F9203FB+1770491]
	Ordinal0 [0x000000013FB02669+3745385]
	Ordinal0 [0x000000013F921C82+1776770]
	Ordinal0 [0x000000013FC10748+4851528]
	Ordinal0 [0x000000013FC101B4+4850100]
	Ordinal0 [0x000000013FC10006+4849670]
	Ordinal0 [0x000000013FBC89FC+4557308]
	BaseThreadInitThunk [0x0000000076B0F56D+13]
	RtlUserThreadStart [0x0000000076D43281+33]
">
      <![CDATA[org.openqa.selenium.WebDriverException: unknown error: cannot find MSEdge binary
Build info: version: '3.141.59', revision: 'e82be7d358', time: '2018-11-14T08:17:03'
System info: host: 'ADMIN-PC', ip: '192.168.0.101', os.name: 'Windows 7', os.arch: 'amd64', os.version: '6.1', java.version: '1.8.0_291'
Driver info: driver.version: EdgeDriver
remote stacktrace: Backtrace:
Ordinal0 [0x000000013FC0DD32+4840754]
Ordinal0 [0x000000013F88E8D3+1173715]
Ordinal0 [0x000000013F8B07F0+1312752]
Ordinal0 [0x000000013F8AD6A3+1300131]
Ordinal0 [0x000000013F8E7F6F+1539951]
Ordinal0 [0x000000013F8E329F+1520287]
Ordinal0 [0x000000013F8B95DA+1349082]
Ordinal0 [0x000000013F8BA63F+1353279]
Ordinal0 [0x000000013F94BBDD+1948637]
Ordinal0 [0x000000013F9203FB+1770491]
Ordinal0 [0x000000013FB02669+3745385]
Ordinal0 [0x000000013F921C82+1776770]
Ordinal0 [0x000000013FC10748+4851528]
Ordinal0 [0x000000013FC101B4+4850100]
Ordinal0 [0x000000013FC10006+4849670]
Ordinal0 [0x000000013FBC89FC+4557308]
BaseThreadInitThunk [0x0000000076B0F56D+13]
RtlUserThreadStart [0x0000000076D43281+33]

at sun.reflect.NativeConstructorAccessorImpl.newInstance0(Native Method)
at sun.reflect.NativeConstructorAccessorImpl.newInstance(Unknown Source)
at sun.reflect.DelegatingConstructorAccessorImpl.newInstance(Unknown Source)
at java.lang.reflect.Constructor.newInstance(Unknown Source)
at org.openqa.selenium.remote.W3CHandshakeResponse.lambda$errorHandler$0(W3CHandshakeResponse.java:62)
at org.openqa.selenium.remote.HandshakeResponse.lambda$getResponseFunction$0(HandshakeResponse.java:30)
at org.openqa.selenium.remote.ProtocolHandshake.lambda$createSession$0(ProtocolHandshake.java:126)
at java.util.stream.ReferencePipeline$3$1.accept(Unknown Source)
at java.util.Spliterators$ArraySpliterator.tryAdvance(Unknown Source)
at java.util.stream.ReferencePipeline.forEachWithCancel(Unknown Source)
at java.util.stream.AbstractPipeline.copyIntoWithCancel(Unknown Source)
at java.util.stream.AbstractPipeline.copyInto(Unknown Source)
at java.util.stream.AbstractPipeline.wrapAndCopyInto(Unknown Source)
at java.util.stream.FindOps$FindOp.evaluateSequential(Unknown Source)
at java.util.stream.AbstractPipeline.evaluate(Unknown Source)
at java.util.stream.ReferencePipeline.findFirst(Unknown Source)
at org.openqa.selenium.remote.ProtocolHandshake.createSession(ProtocolHandshake.java:128)
at org.openqa.selenium.remote.ProtocolHandshake.createSession(ProtocolHandshake.java:74)
at org.openqa.selenium.remote.HttpCommandExecutor.execute(HttpCommandExecutor.java:136)
at org.openqa.selenium.remote.service.DriverCommandExecutor.execute(DriverCommandExecutor.java:83)
at org.openqa.selenium.remote.RemoteWebDriver.execute(RemoteWebDriver.java:552)
at org.openqa.selenium.remote.RemoteWebDriver.startSession(RemoteWebDriver.java:213)
at org.openqa.selenium.remote.RemoteWebDriver.<init>(RemoteWebDriver.java:131)
at org.openqa.selenium.edge.EdgeDriver.<init>(EdgeDriver.java:141)
at org.openqa.selenium.edge.EdgeDriver.<init>(EdgeDriver.java:96)
at org.base.BaseClass.edgeBrowser(BaseClass.java:66)
at org.testngnew.CrossBrowserTestng.tc(CrossBrowserTestng.java:23)
at sun.reflect.NativeMethodAccessorImpl.invoke0(Native Method)
at sun.reflect.NativeMethodAccessorImpl.invoke(Unknown Source)
at sun.reflect.DelegatingMethodAccessorImpl.invoke(Unknown Source)
at java.lang.reflect.Method.invoke(Unknown Source)
at org.testng.internal.MethodInvocationHelper.invokeMethod(MethodInvocationHelper.java:124)
at org.testng.internal.Invoker.invokeMethod(Invoker.java:583)
at org.testng.internal.Invoker.invokeTestMethod(Invoker.java:719)
at org.testng.internal.Invoker.invokeTestMethods(Invoker.java:989)
at org.testng.internal.TestMethodWorker.invokeTestMethods(TestMethodWorker.java:125)
at org.testng.internal.TestMethodWorker.run(TestMethodWorker.java:109)
at org.testng.TestRunner.privateRun(TestRunner.java:648)
at org.testng.TestRunner.run(TestRunner.java:505)
at org.testng.SuiteRunner.runTest(SuiteRunner.java:455)
at org.testng.SuiteRunner.access$000(SuiteRunner.java:40)
at org.testng.SuiteRunner$SuiteWorker.run(SuiteRunner.java:489)
at org.testng.internal.thread.ThreadUtil$1.call(ThreadUtil.java:52)
at java.util.concurrent.FutureTask.run(Unknown Source)
at java.util.concurrent.ThreadPoolExecutor.runWorker(Unknown Source)
at java.util.concurrent.ThreadPoolExecutor$Worker.run(Unknown Source)
at java.lang.Thread.run(Unknown Source)
]]>
    </error>
  </testcase> <!-- tc -->
  <testcase name="tc" time="28.991" classname="org.testngnew.CrossBrowserTestng"/>
</testsuite> <!-- org.testngnew.CrossBrowserTestng -->
